nohup: ignoring input
Starting org.bukkit.craftbukkit.Main
2026-02-03T09:58:44.421248793Z ServerMain WARN Advanced terminal features are not available in this environment
WARNING: A terminally deprecated method in sun.misc.Unsafe has been called
WARNING: sun.misc.Unsafe::allocateMemory has been called by io.netty.util.internal.PlatformDependent0$2 (file:/workspaces/minetsst/hub/libraries/io/netty/netty-common/4.1.115.Final/netty-common-4.1.115.Final.jar)
WARNING: Please consider reporting this to the maintainers of class io.netty.util.internal.PlatformDependent0$2
WARNING: sun.misc.Unsafe::allocateMemory will be removed in a future release
[09:58:44 INFO]: [bootstrap] Running Java 25 (OpenJDK 64-Bit Server VM 25.0.1+8-LTS; Microsoft Microsoft-12574222) on Linux 6.8.0-1030-azure (amd64)
[09:58:44 INFO]: [bootstrap] Loading Purpur 1.21.4-2409-HEAD@bc8c597 (2025-03-22T05:49:10Z) for Minecraft 1.21.4
[09:58:45 INFO]: [PluginInitializerManager] Initializing plugins...
[09:58:45 INFO]: [PluginInitializerManager] Initialized 14 plugins
[09:58:45 INFO]: [PluginInitializerManager] Bukkit plugins (14):
 - Citizens (2.0.37-SNAPSHOT (build 3760)), CommandNPC (1.9.1), DecentHolograms (2.8.15), DeluxeMenus (1.14.1-Release), Essentials (2.21.0), EssentialsChat (2.21.0), FastAsyncWorldEdit (2.15.1-SNAPSHOT-1273+5c62680), LuckPerms (5.4.157), Maintenance (4.3.0), MaintenanceAddon (2.0.7), PlaceholderAPI (2.11.7), ProtocolLib (5.4.0), Skript (2.14.1), TAB (5.0.7)
[09:58:49 INFO]: Environment: Environment[sessionHost=https://sessionserver.mojang.com, servicesHost=https://api.minecraftservices.com, name=PROD]
[09:58:49 INFO]: [MCTypeRegistry] Initialising converters for DataConverter...
[09:58:50 INFO]: [MCTypeRegistry] Finished initialising converters for DataConverter in 290.2ms
[09:58:51 INFO]: Loaded 1370 recipes
[09:58:51 INFO]: Loaded 1481 advancements
[09:58:51 INFO]: Starting minecraft server version 1.21.4
[09:58:51 INFO]: Loading properties
[09:58:51 INFO]: This server is running Purpur version 1.21.4-2409-HEAD@bc8c597 (2025-03-22T05:49:10Z) (Implementing API version 1.21.4-R0.1-SNAPSHOT)
[09:58:52 INFO]: [spark] This server bundles the spark profiler. For more information please visit https://docs.papermc.io/paper/profiling
[09:58:52 INFO]: Server Ping Player Sample Count: 12
[09:58:52 INFO]: Using 4 threads for Netty based IO
[09:58:53 INFO]: [MoonriseCommon] Paper is using 1 worker threads, 1 I/O threads
[09:58:53 INFO]: [ChunkTaskScheduler] Chunk system is using population gen parallelism: true
[09:58:53 ERROR]: [TerminalConsole] Failed to read console input
java.io.IOException: Bad file descriptor
	at java.base/java.io.FileInputStream.readBytes(Native Method) ~[?:?]
	at java.base/java.io.FileInputStream.read(FileInputStream.java:281) ~[?:?]
	at java.base/java.lang.System$In.read(System.java:1871) ~[?:?]
	at java.base/java.io.BufferedInputStream.read1(BufferedInputStream.java:328) ~[?:?]
	at java.base/java.io.BufferedInputStream.read(BufferedInputStream.java:388) ~[?:?]
	at java.base/sun.nio.cs.StreamDecoder.readBytes(StreamDecoder.java:279) ~[?:?]
	at java.base/sun.nio.cs.StreamDecoder.implRead(StreamDecoder.java:322) ~[?:?]
	at java.base/sun.nio.cs.StreamDecoder.read(StreamDecoder.java:186) ~[?:?]
	at java.base/java.io.InputStreamReader.read(InputStreamReader.java:183) ~[?:?]
	at java.base/java.io.BufferedReader.fill(BufferedReader.java:166) ~[?:?]
	at java.base/java.io.BufferedReader.readLine(BufferedReader.java:333) ~[?:?]
	at java.base/java.io.BufferedReader.readLine(BufferedReader.java:400) ~[?:?]
	at net.minecrell.terminalconsole.SimpleTerminalConsole.readCommands(SimpleTerminalConsole.java:180) ~[terminalconsoleappender-1.3.0.jar:?]
	at net.minecrell.terminalconsole.SimpleTerminalConsole.start(SimpleTerminalConsole.java:143) ~[terminalconsoleappender-1.3.0.jar:?]
	at net.minecraft.server.dedicated.DedicatedServer$1.run(DedicatedServer.java:110) ~[purpur-1.21.4.jar:1.21.4-2409-bc8c597]
[09:58:53 INFO]: Default game type: ADVENTURE
[09:58:53 INFO]: Generating keypair
[09:58:53 INFO]: Starting Minecraft server on *:25566
[09:58:53 INFO]: Using epoll channel type
[09:58:53 INFO]: Paper: Using libdeflate (Linux x86_64) compression from Velocity.
[09:58:53 INFO]: Paper: Using OpenSSL 3.x.x (Linux x86_64) cipher from Velocity.
[09:58:53 INFO]: [SpigotLibraryLoader] [Citizens] Loading 5 libraries... please wait
[09:58:53 INFO]: [SpigotLibraryLoader] [Citizens] Loaded library /workspaces/minetsst/hub/libraries/ch/ethz/globis/phtree/phtree/2.8.1/phtree-2.8.1.jar
[09:58:53 INFO]: [SpigotLibraryLoader] [Citizens] Loaded library /workspaces/minetsst/hub/libraries/org/joml/joml/1.10.8/joml-1.10.8.jar
[09:58:53 INFO]: [SpigotLibraryLoader] [Citizens] Loaded library /workspaces/minetsst/hub/libraries/it/unimi/dsi/fastutil/8.5.15/fastutil-8.5.15.jar
[09:58:53 INFO]: [SpigotLibraryLoader] [Citizens] Loaded library /workspaces/minetsst/hub/libraries/net/kyori/adventure-platform-bukkit/4.3.3/adventure-platform-bukkit-4.3.3.jar
[09:58:53 INFO]: [SpigotLibraryLoader] [Citizens] Loaded library /workspaces/minetsst/hub/libraries/net/kyori/adventure-platform-api/4.3.3/adventure-platform-api-4.3.3.jar
[09:58:53 INFO]: [SpigotLibraryLoader] [Citizens] Loaded library /workspaces/minetsst/hub/libraries/net/kyori/adventure-text-serializer-bungeecord/4.3.3/adventure-text-serializer-bungeecord-4.3.3.jar
[09:58:53 INFO]: [SpigotLibraryLoader] [Citizens] Loaded library /workspaces/minetsst/hub/libraries/net/kyori/adventure-text-serializer-legacy/4.13.1/adventure-text-serializer-legacy-4.13.1.jar
[09:58:53 INFO]: [SpigotLibraryLoader] [Citizens] Loaded library /workspaces/minetsst/hub/libraries/net/kyori/adventure-nbt/4.13.1/adventure-nbt-4.13.1.jar
[09:58:53 INFO]: [SpigotLibraryLoader] [Citizens] Loaded library /workspaces/minetsst/hub/libraries/net/kyori/examination-api/1.3.0/examination-api-1.3.0.jar
[09:58:53 INFO]: [SpigotLibraryLoader] [Citizens] Loaded library /workspaces/minetsst/hub/libraries/net/kyori/examination-string/1.3.0/examination-string-1.3.0.jar
[09:58:53 INFO]: [SpigotLibraryLoader] [Citizens] Loaded library /workspaces/minetsst/hub/libraries/org/jetbrains/annotations/24.0.1/annotations-24.0.1.jar
[09:58:53 INFO]: [SpigotLibraryLoader] [Citizens] Loaded library /workspaces/minetsst/hub/libraries/net/kyori/adventure-text-serializer-gson/4.13.1/adventure-text-serializer-gson-4.13.1.jar
[09:58:53 INFO]: [SpigotLibraryLoader] [Citizens] Loaded library /workspaces/minetsst/hub/libraries/net/kyori/adventure-text-serializer-gson-legacy-impl/4.13.1/adventure-text-serializer-gson-legacy-impl-4.13.1.jar
[09:58:53 INFO]: [SpigotLibraryLoader] [Citizens] Loaded library /workspaces/minetsst/hub/libraries/net/kyori/adventure-platform-facet/4.3.3/adventure-platform-facet-4.3.3.jar
[09:58:53 INFO]: [SpigotLibraryLoader] [Citizens] Loaded library /workspaces/minetsst/hub/libraries/net/kyori/adventure-platform-viaversion/4.3.3/adventure-platform-viaversion-4.3.3.jar
[09:58:53 INFO]: [SpigotLibraryLoader] [Citizens] Loaded library /workspaces/minetsst/hub/libraries/net/kyori/adventure-text-minimessage/4.17.0/adventure-text-minimessage-4.17.0.jar
[09:58:53 INFO]: [SpigotLibraryLoader] [Citizens] Loaded library /workspaces/minetsst/hub/libraries/net/kyori/adventure-api/4.17.0/adventure-api-4.17.0.jar
[09:58:53 INFO]: [SpigotLibraryLoader] [Citizens] Loaded library /workspaces/minetsst/hub/libraries/net/kyori/adventure-key/4.17.0/adventure-key-4.17.0.jar
[09:58:54 WARN]: [org.bukkit.craftbukkit.legacy.CraftLegacy] Initializing Legacy Material Support. Unless you have legacy plugins and/or data this is a bug!
[09:59:00 WARN]: Legacy plugin CommandNPC v1.9.1 does not specify an api-version.
[09:59:00 INFO]: [ProtocolLib] Loading server plugin ProtocolLib v5.4.0
[09:59:00 INFO]: [PlaceholderAPI] Loading server plugin PlaceholderAPI v2.11.7
[09:59:00 INFO]: [LuckPerms] Loading server plugin LuckPerms v5.4.157
[09:59:01 INFO]: [Citizens] Loading server plugin Citizens v2.0.37-SNAPSHOT (build 3760)
[09:59:01 INFO]: [Essentials] Loading server plugin Essentials v2.21.0
[09:59:01 INFO]: [DecentHolograms] Loading server plugin DecentHolograms v2.8.15
[09:59:01 INFO]: [DeluxeMenus] Loading server plugin DeluxeMenus v1.14.1-Release
[09:59:01 WARN]: [DeluxeMenus] Could not setup a NMS hook for your server version! The following Item options will not work: nbt_int, nbt_ints, nbt_string and nbt_strings.
[09:59:01 INFO]: [Maintenance] Loading server plugin Maintenance v4.3.0
[09:59:01 INFO]: [TAB] Loading server plugin TAB v5.0.7
[09:59:01 INFO]: [MaintenanceAddon] Loading server plugin MaintenanceAddon v2.0.7
[09:59:01 INFO]: [CommandNPC] Loading server plugin CommandNPC v1.9.1
[09:59:01 INFO]: [EssentialsChat] Loading server plugin EssentialsChat v2.21.0
[09:59:01 INFO]: [Skript] Loading server plugin Skript v2.14.1
[09:59:01 INFO]: [FastAsyncWorldEdit] Loading server plugin FastAsyncWorldEdit v2.15.1-SNAPSHOT-1273+5c62680
[09:59:02 INFO]: Got request to register class com.sk89q.worldedit.bukkit.BukkitServerInterface with WorldEdit [com.sk89q.worldedit.extension.platform.PlatformManager@2ffe04dc]
[09:59:02 INFO]: Server permissions file permissions.yml is empty, ignoring it
[09:59:02 INFO]: [ProtocolLib] Enabling ProtocolLib v5.4.0
[09:59:02 INFO]: [LuckPerms] Enabling LuckPerms v5.4.157
[09:59:02 INFO]: [38;5;14m       [38;5;6m __    [0m
[09:59:02 INFO]: [38;5;14m  |    [38;5;6m|__)   [38;5;2mLuckPerms[0m [38;5;14mv5.4.157[0m
[09:59:02 INFO]: [38;5;14m  |___ [38;5;6m|      [38;5;8mRunning on Bukkit - Purpur[0m
[09:59:02 INFO]: 
[09:59:02 INFO]: [LuckPerms] Loading configuration...
[09:59:02 INFO]: [LuckPerms] Loading storage provider... [H2]
[09:59:03 INFO]: [LuckPerms] Loading messaging service... [BUNGEE]
[09:59:03 INFO]: [LuckPerms] Loading internal permission managers...
[09:59:03 INFO]: [LuckPerms] Performing initial data load...
[09:59:03 INFO]: [LuckPerms] Successfully enabled. (took 1624ms)
[09:59:03 INFO]: [FastAsyncWorldEdit] Enabling FastAsyncWorldEdit v2.15.1-SNAPSHOT-1273+5c62680
[09:59:03 INFO]: [com.fastasyncworldedit.core.Fawe] LZ4 Compression Binding loaded successfully
[09:59:03 INFO]: [com.fastasyncworldedit.core.Fawe] ZSTD Compression Binding loaded successfully
[09:59:03 INFO]: Registering commands with com.sk89q.worldedit.bukkit.BukkitServerInterface
[09:59:04 INFO]: WEPIF: Using the Bukkit Permissions API.
[09:59:04 INFO]: Using com.sk89q.worldedit.bukkit.adapter.impl.fawe.v1_21_4.PaperweightFaweAdapter as the Bukkit adapter
[09:59:05 WARN]: **** SERVER IS RUNNING IN OFFLINE/INSECURE MODE!
[09:59:05 WARN]: The server will make no attempt to authenticate usernames. Beware.
[09:59:05 WARN]: Whilst this makes it possible to use Velocity, unless access to your server is properly restricted, it also opens up the ability for hackers to connect with any username they choose.
[09:59:05 WARN]: Please see https://docs.papermc.io/velocity/security for further information.
[09:59:05 WARN]: To change this, set "online-mode" to "true" in the server.properties file.
[09:59:05 INFO]: Preparing level "world"
[09:59:05 ERROR]: [com.fastasyncworldedit.core.util.UpdateNotification] Failed to check for latest release
java.util.concurrent.CompletionException: com.fastasyncworldedit.core.util.UpdateNotification$UpdateCheckException: Failed to check for update: GitHub returned status code 403
	at java.base/java.util.concurrent.CompletableFuture.wrapInCompletionException(CompletableFuture.java:323) ~[?:?]
	at java.base/java.util.concurrent.CompletableFuture.encodeThrowable(CompletableFuture.java:359) ~[?:?]
	at java.base/java.util.concurrent.CompletableFuture.completeThrowable(CompletableFuture.java:364) ~[?:?]
	at java.base/java.util.concurrent.CompletableFuture$UniApply.tryFire(CompletableFuture.java:670) ~[?:?]
	at java.base/java.util.concurrent.CompletableFuture.postComplete(CompletableFuture.java:531) ~[?:?]
	at java.base/java.util.concurrent.CompletableFuture.postFire(CompletableFuture.java:635) ~[?:?]
	at java.base/java.util.concurrent.CompletableFuture$UniWhenComplete.tryFire(CompletableFuture.java:865) ~[?:?]
	at java.base/java.util.concurrent.CompletableFuture$Completion.exec(CompletableFuture.java:504) ~[?:?]
	at java.base/java.util.concurrent.ForkJoinTask.doExec(ForkJoinTask.java:511) ~[?:?]
	at java.base/java.util.concurrent.ForkJoinPool$WorkQueue.topLevelExec(ForkJoinPool.java:1450) ~[?:?]
	at java.base/java.util.concurrent.ForkJoinPool.runWorker(ForkJoinPool.java:2019) ~[?:?]
	at java.base/java.util.concurrent.ForkJoinWorkerThread.run(ForkJoinWorkerThread.java:187) ~[?:?]
Caused by: com.fastasyncworldedit.core.util.UpdateNotification$UpdateCheckException: Failed to check for update: GitHub returned status code 403
	at FastAsyncWorldEdit-Paper-2.15.1-SNAPSHOT-1273.jar/com.fastasyncworldedit.core.util.UpdateNotification.lambda$checkLatestRelease$2(UpdateNotification.java:103) ~[FastAsyncWorldEdit-Paper-2.15.1-SNAPSHOT-1273.jar:?]
	at java.base/java.util.concurrent.CompletableFuture$UniApply.tryFire(CompletableFuture.java:667) ~[?:?]
	... 8 more
[09:59:05 INFO]: Preparing start region for dimension minecraft:overworld
[09:59:05 INFO]: Preparing spawn area: 0%
[09:59:06 WARN]: [com.fastasyncworldedit.core.Fawe] High memory usage detected, FAWE will attempt to slow operations to prevent a crash.
[09:59:06 INFO]: Preparing spawn area: 65%
[09:59:06 INFO]: Preparing spawn area: 65%
[09:59:06 INFO]: Time elapsed: 1064 ms
[09:59:06 INFO]: Preparing start region for dimension minecraft:the_end
[09:59:06 INFO]: Preparing spawn area: 0%
[09:59:07 INFO]: Time elapsed: 362 ms
[09:59:07 INFO]: [PlaceholderAPI] Enabling PlaceholderAPI v2.11.7
[09:59:07 INFO]: [PlaceholderAPI] Fetching available expansion information...
[09:59:07 INFO]: [Citizens] Enabling Citizens v2.0.37-SNAPSHOT (build 3760)
[09:59:07 INFO]: [Citizens] Using mojmapped server, avoiding server package checks
[09:59:07 INFO]: [Citizens] Loaded 0 templates.
[09:59:07 INFO]: [PlaceholderAPI] Successfully registered internal expansion: citizensplaceholder [1.0.0]
[09:59:07 INFO]: [Essentials] Enabling Essentials v2.21.0
[09:59:08 INFO]: [Essentials] Attempting to convert old kits in config.yml to new kits.yml
[09:59:08 INFO]: [Essentials] No kits found to migrate.
[09:59:08 INFO]: [Essentials] Selected 1.21+ InventoryView Interface ABI Provider as the provider for InventoryViewProvider
[09:59:08 INFO]: [Essentials] Selected 1.12.2+ Player Locale Provider as the provider for PlayerLocaleProvider
[09:59:08 INFO]: [Essentials] Selected 1.13+ Spawn Egg Provider as the provider for SpawnEggProvider
[09:59:08 INFO]: [Essentials] Selected Paper Server State Provider as the provider for ServerStateProvider
[09:59:08 INFO]: [Essentials] Selected 1.20.6+ Potion Meta Provider as the provider for PotionMetaProvider
[09:59:08 INFO]: [Essentials] Selected 1.11+ Item Unbreakable Provider as the provider for ItemUnbreakableProvider
[09:59:08 INFO]: [Essentials] Selected Paper Known Commands Provider as the provider for KnownCommandsProvider
[09:59:08 INFO]: [Essentials] Selected 1.8.3+ Spawner Item Provider as the provider for SpawnerItemProvider
[09:59:08 INFO]: [Essentials] Selected 1.14.4+ Persistent Data Container Provider as the provider for PersistentDataProvider
[09:59:08 INFO]: [Essentials] Selected 1.20.4+ Damage Event Provider as the provider for DamageEventProvider
[09:59:08 INFO]: [Essentials] Selected Reflection Formatted Command Alias Provider as the provider for FormattedCommandAliasProvider
[09:59:08 INFO]: [Essentials] Selected Paper Container Provider as the provider for ContainerProvider
[09:59:08 INFO]: [Essentials] Selected 1.20.5+ Banner Data Provider as the provider for BannerDataProvider
[09:59:08 INFO]: [Essentials] Selected 1.12+ Spawner Block Provider as the provider for SpawnerBlockProvider
[09:59:08 INFO]: [Essentials] Selected Paper Serialization Provider as the provider for SerializationProvider
[09:59:08 INFO]: [Essentials] Selected Paper Tick Count Provider as the provider for TickCountProvider
[09:59:08 INFO]: [Essentials] Selected 1.17.1+ World Info Provider as the provider for WorldInfoProvider
[09:59:08 INFO]: [Essentials] Selected 1.14+ Sign Data Provider as the provider for SignDataProvider
[09:59:08 INFO]: [Essentials] Selected Paper Material Tag Provider as the provider for MaterialTagProvider
[09:59:08 INFO]: [Essentials] Selected 1.21.4+ Sync Commands Provider as the provider for SyncCommandsProvider
[09:59:08 INFO]: [Essentials] Selected Reflection Online Mode Provider as the provider for OnlineModeProvider
[09:59:08 INFO]: [Essentials] Selected Paper Biome Key Provider as the provider for BiomeKeyProvider
[09:59:08 INFO]: [Essentials] Loaded 43465 items from items.json.
[09:59:08 INFO]: [Essentials] Using locale en
[09:59:08 INFO]: [Essentials] ServerListPingEvent: Spigot iterator API
[09:59:08 INFO]: [Essentials] Starting Metrics. Opt-out using the global bStats config.
[09:59:08 WARN]: [Essentials] Detected supported permissions plugin LuckPerms without Vault installed.
[09:59:08 WARN]: [Essentials] Features such as chat prefixes/suffixes and group-related functionality will not work until you install Vault.
[09:59:08 INFO]: [Essentials] Using superperms-based permissions.
[09:59:08 INFO]: [DecentHolograms] Enabling DecentHolograms v2.8.15
[09:59:08 INFO]: [NBTAPI] [NBTAPI] Found Minecraft: 1.21.4! Trying to find NMS support
[09:59:08 INFO]: [NBTAPI] [NBTAPI] NMS support 'MC1_21_R3' loaded!
[09:59:08 INFO]: [NBTAPI] [NBTAPI] Using the plugin 'DecentHolograms' to create a bStats instance!
[09:59:08 INFO]: [DeluxeMenus] Enabling DeluxeMenus v1.14.1-Release
[09:59:08 INFO]: [DeluxeMenus] Successfully hooked into PlaceholderAPI!
[09:59:09 INFO]: [DeluxeMenus] 1 GUI menus loaded!
[09:59:09 INFO]: [PlaceholderAPI] Successfully registered internal expansion: deluxemenus [1.14.1-Release]
[09:59:09 INFO]: [Maintenance] Enabling Maintenance v4.3.0
[09:59:09 INFO]: [TAB] Enabling TAB v5.0.7
[09:59:09 INFO]: [TAB] [38;5;7mLoaded NMS hook in 26ms[0m
[09:59:09 INFO]: [TAB] [38;5;10mEnabled in 181ms[0m
[09:59:09 INFO]: [MaintenanceAddon] Enabling MaintenanceAddon v2.0.7
[09:59:09 INFO]: [PlaceholderAPI] Successfully registered internal expansion: maintenance [2.0.7]
[09:59:09 INFO]: [CommandNPC] Enabling CommandNPC v1.9.1*
[09:59:09 INFO]: [38;5;8m[[38;5;2mCommandNPC[38;5;8m] [38;5;3mVault not found! Economy support for CommandNPC has been disabled.[0m
[09:59:09 INFO]: [38;5;8m[[38;5;2mCommandNPC[38;5;8m] [38;5;3mInitiating Database[0m
[09:59:09 INFO]: [38;5;8m[[38;5;2mCommandNPC[38;5;8m] [38;5;3mLoading commands complete![0m
[09:59:09 INFO]: [38;5;8m[[38;5;2mCommandNPC[38;5;8m] [38;5;3mInjecting command info into Citizens.[0m
[09:59:09 INFO]: [38;5;8m[[38;5;2mCommandNPC[38;5;8m] [38;5;3mCommandNPC successfully loaded![0m
[09:59:09 INFO]: [EssentialsChat] Enabling EssentialsChat v2.21.0
[09:59:09 INFO]: [EssentialsChat] Starting Metrics. Opt-out using the global bStats config.
[09:59:09 INFO]: [Skript] Enabling Skript v2.14.1
[09:59:09 INFO]: [38;5;7m[[38;5;3mSkript[38;5;7m] [0mThe updater is disabled, so a check for the latest version of Skript was not performed.
[09:59:10 INFO]: [Skript]  ~ created by & © Peter Güttinger aka Njol ~
[09:59:11 INFO]: [spark] Starting background profiler...
[09:59:11 INFO]: [PlaceholderAPI] Placeholder expansion registration initializing...
[09:59:11 INFO]: Done preparing level "world" (6.747s)
[09:59:11 INFO]: Running delayed init tasks
[09:59:11 INFO]: [DecentHolograms] Loading holograms... 
[09:59:11 INFO]: [Essentials] [38;5;3mFetching version information...[0m
[09:59:11 INFO]: [Essentials] [38;5;3mUpdate checking disabled in config.[0m
[09:59:11 INFO]: [DecentHolograms] Loaded 1 holograms!
[09:59:12 INFO]: [Skript] Loaded 5442 aliases in 2111ms
[09:59:12 INFO]: [Skript] Loading variables...
[09:59:12 INFO]: [Skript] Loaded 0 variables in 0.0 seconds
[09:59:13 INFO]: [Skript] All scripts loaded without errors.
[09:59:13 INFO]: [Skript] Loaded 1 script with a total of 3 structures in 0.23 seconds
[09:59:13 INFO]: [Skript] Finished loading.
[09:59:13 INFO]: [Citizens] Loaded 1 NPCs.
[09:59:13 INFO]: Done (29.684s)! For help, type "help"
[09:59:13 WARN]: [io.papermc.paper.pluginremap.reflect.PaperReflection] Failed to process class bytes
java.lang.IllegalArgumentException: Unsupported class file major version 69
	at org.objectweb.asm.ClassReader.<init>(ClassReader.java:200) ~[asm-9.7.1.jar:9.7.1]
	at org.objectweb.asm.ClassReader.<init>(ClassReader.java:180) ~[asm-9.7.1.jar:9.7.1]
	at org.objectweb.asm.ClassReader.<init>(ClassReader.java:166) ~[asm-9.7.1.jar:9.7.1]
	at io.papermc.paper.pluginremap.reflect.ReflectionRemapper.processClass(ReflectionRemapper.java:49) ~[purpur-1.21.4.jar:1.21.4-2409-bc8c597]
	at io.papermc.paper.pluginremap.reflect.PaperReflection.processClass(PaperReflection.java:205) ~[purpur-1.21.4.jar:1.21.4-2409-bc8c597]
	at io.papermc.reflectionrewriter.runtime.DefineClassReflectionProxyImpl.defineClass(DefineClassReflectionProxyImpl.java:72) ~[reflection-rewriter-runtime-0.0.3.jar:?]
	at io.papermc.paper.pluginremap.reflect.PaperReflection.defineClass(PaperReflection.java:179) ~[purpur-1.21.4.jar:1.21.4-2409-bc8c597]
	at io.papermc.paper.pluginremap.reflect.PaperReflectionHolder.defineClass(Unknown Source) ~[purpur-1.21.4.jar:1.21.4-2409-bc8c597]
	at ProtocolLib.jar/com.comphenix.net.bytebuddy.dynamic.loading.ByteArrayClassLoader.access$300(ByteArrayClassLoader.java:57) ~[ProtocolLib.jar:?]
	at ProtocolLib.jar/com.comphenix.net.bytebuddy.dynamic.loading.ByteArrayClassLoader$ClassDefinitionAction.run(ByteArrayClassLoader.java:687) ~[ProtocolLib.jar:?]
	at ProtocolLib.jar/com.comphenix.net.bytebuddy.dynamic.loading.ByteArrayClassLoader$ClassDefinitionAction.run(ByteArrayClassLoader.java:639) ~[ProtocolLib.jar:?]
	at java.base/java.security.AccessController.doPrivileged(AccessController.java:138) ~[?:?]
	at ProtocolLib.jar/com.comphenix.net.bytebuddy.dynamic.loading.ByteArrayClassLoader.doPrivileged(ByteArrayClassLoader.java) ~[ProtocolLib.jar:?]
	at ProtocolLib.jar/com.comphenix.net.bytebuddy.dynamic.loading.ByteArrayClassLoader.findClass(ByteArrayClassLoader.java:406) ~[ProtocolLib.jar:?]
	at java.base/java.lang.ClassLoader.loadClass(ClassLoader.java:557) ~[?:?]
	at java.base/java.lang.ClassLoader.loadClass(ClassLoader.java:490) ~[?:?]
	at java.base/java.lang.Class.forName0(Native Method) ~[?:?]
	at java.base/java.lang.Class.forName(Class.java:547) ~[?:?]
	at ProtocolLib.jar/com.comphenix.net.bytebuddy.dynamic.loading.ByteArrayClassLoader.load(ByteArrayClassLoader.java:361) ~[ProtocolLib.jar:?]
	at ProtocolLib.jar/com.comphenix.net.bytebuddy.dynamic.loading.ClassLoadingStrategy$Default$WrappingDispatcher.load(ClassLoadingStrategy.java:367) ~[ProtocolLib.jar:?]
	at ProtocolLib.jar/com.comphenix.net.bytebuddy.dynamic.TypeResolutionStrategy$Passive.initialize(TypeResolutionStrategy.java:101) ~[ProtocolLib.jar:?]
	at ProtocolLib.jar/com.comphenix.net.bytebuddy.dynamic.DynamicType$Default$Unloaded.load(DynamicType.java:6432) ~[ProtocolLib.jar:?]
	at ProtocolLib.jar/com.comphenix.net.bytebuddy.dynamic.loading.ClassInjector$UsingUnsafe$Dispatcher$CreationAction.run(ClassInjector.java:2021) ~[ProtocolLib.jar:?]
	at ProtocolLib.jar/com.comphenix.net.bytebuddy.dynamic.loading.ClassInjector$UsingUnsafe$Dispatcher$CreationAction.run(ClassInjector.java:1975) ~[ProtocolLib.jar:?]
	at java.base/java.security.AccessController.doPrivileged(AccessController.java:74) ~[?:?]
	at ProtocolLib.jar/com.comphenix.net.bytebuddy.dynamic.loading.ClassInjector$UsingUnsafe.doPrivileged(ClassInjector.java) ~[ProtocolLib.jar:?]
	at ProtocolLib.jar/com.comphenix.net.bytebuddy.dynamic.loading.ClassInjector$UsingUnsafe.<clinit>(ClassInjector.java:1769) ~[ProtocolLib.jar:?]
	at ProtocolLib.jar/com.comphenix.net.bytebuddy.dynamic.loading.ClassInjector$UsingReflection$Dispatcher$CreationAction.run(ClassInjector.java:571) ~[ProtocolLib.jar:?]
	at ProtocolLib.jar/com.comphenix.net.bytebuddy.dynamic.loading.ClassInjector$UsingReflection$Dispatcher$CreationAction.run(ClassInjector.java:557) ~[ProtocolLib.jar:?]
	at java.base/java.security.AccessController.doPrivileged(AccessController.java:74) ~[?:?]
	at ProtocolLib.jar/com.comphenix.net.bytebuddy.dynamic.loading.ClassInjector$UsingReflection.doPrivileged(ClassInjector.java) ~[ProtocolLib.jar:?]
	at ProtocolLib.jar/com.comphenix.net.bytebuddy.dynamic.loading.ClassInjector$UsingReflection.<clinit>(ClassInjector.java:180) ~[ProtocolLib.jar:?]
	at ProtocolLib.jar/com.comphenix.net.bytebuddy.dynamic.loading.ClassLoadingStrategy$Default$InjectionDispatcher.load(ClassLoadingStrategy.java:238) ~[ProtocolLib.jar:?]
	at ProtocolLib.jar/com.comphenix.net.bytebuddy.dynamic.loading.ClassLoadingStrategy$Default.load(ClassLoadingStrategy.java:148) ~[ProtocolLib.jar:?]
	at ProtocolLib.jar/com.comphenix.net.bytebuddy.dynamic.TypeResolutionStrategy$Passive.initialize(TypeResolutionStrategy.java:101) ~[ProtocolLib.jar:?]
	at ProtocolLib.jar/com.comphenix.net.bytebuddy.dynamic.DynamicType$Default$Unloaded.load(DynamicType.java:6432) ~[ProtocolLib.jar:?]
	at ProtocolLib.jar/com.comphenix.protocol.injector.temporary.TemporaryPlayerFactory.setupProxyPlayerConstructor(TemporaryPlayerFactory.java:155) ~[ProtocolLib.jar:?]
	at ProtocolLib.jar/com.comphenix.protocol.injector.temporary.TemporaryPlayerFactory.<clinit>(TemporaryPlayerFactory.java:48) ~[ProtocolLib.jar:?]
	at ProtocolLib.jar/com.comphenix.protocol.injector.netty.channel.InjectionFactory.fromChannel(InjectionFactory.java:168) ~[ProtocolLib.jar:?]
	at ProtocolLib.jar/com.comphenix.protocol.injector.netty.manager.InjectionChannelInboundHandler.channelActive(InjectionChannelInboundHandler.java:38) ~[ProtocolLib.jar:?]
	at io.netty.channel.AbstractChannelHandlerContext.invokeChannelActive(AbstractChannelHandlerContext.java:260) ~[netty-transport-4.1.115.Final.jar:4.1.115.Final]
	at io.netty.channel.AbstractChannelHandlerContext.invokeChannelActive(AbstractChannelHandlerContext.java:238) ~[netty-transport-4.1.115.Final.jar:4.1.115.Final]
	at io.netty.channel.AbstractChannelHandlerContext.fireChannelActive(AbstractChannelHandlerContext.java:231) ~[netty-transport-4.1.115.Final.jar:4.1.115.Final]
	at io.netty.channel.DefaultChannelPipeline$HeadContext.channelActive(DefaultChannelPipeline.java:1345) ~[netty-transport-4.1.115.Final.jar:4.1.115.Final]
	at io.netty.channel.AbstractChannelHandlerContext.invokeChannelActive(AbstractChannelHandlerContext.java:258) ~[netty-transport-4.1.115.Final.jar:4.1.115.Final]
	at io.netty.channel.AbstractChannelHandlerContext.invokeChannelActive(AbstractChannelHandlerContext.java:238) ~[netty-transport-4.1.115.Final.jar:4.1.115.Final]
	at io.netty.channel.DefaultChannelPipeline.fireChannelActive(DefaultChannelPipeline.java:844) ~[netty-transport-4.1.115.Final.jar:4.1.115.Final]
	at io.netty.channel.AbstractChannel$AbstractUnsafe.register0(AbstractChannel.java:521) ~[netty-transport-4.1.115.Final.jar:4.1.115.Final]
	at io.netty.channel.AbstractChannel$AbstractUnsafe.access$200(AbstractChannel.java:428) ~[netty-transport-4.1.115.Final.jar:4.1.115.Final]
	at io.netty.channel.AbstractChannel$AbstractUnsafe$1.run(AbstractChannel.java:485) ~[netty-transport-4.1.115.Final.jar:4.1.115.Final]
	at io.netty.util.concurrent.AbstractEventExecutor.runTask(AbstractEventExecutor.java:173) ~[netty-common-4.1.115.Final.jar:4.1.115.Final]
	at io.netty.util.concurrent.AbstractEventExecutor.safeExecute(AbstractEventExecutor.java:166) ~[netty-common-4.1.115.Final.jar:4.1.115.Final]
	at io.netty.util.concurrent.SingleThreadEventExecutor.runAllTasks(SingleThreadEventExecutor.java:472) ~[netty-common-4.1.115.Final.jar:4.1.115.Final]
	at io.netty.channel.epoll.EpollEventLoop.run(EpollEventLoop.java:408) ~[netty-transport-classes-epoll-4.1.115.Final.jar:4.1.115.Final]
	at io.netty.util.concurrent.SingleThreadEventExecutor$4.run(SingleThreadEventExecutor.java:997) ~[netty-common-4.1.115.Final.jar:4.1.115.Final]
	at io.netty.util.internal.ThreadExecutorMap$2.run(ThreadExecutorMap.java:74) ~[netty-common-4.1.115.Final.jar:4.1.115.Final]
	at java.base/java.lang.Thread.run(Thread.java:1474) ~[?:?]
[09:59:13 INFO]: [PlaceholderAPI] Successfully registered external expansion: server [2.7.3]
[09:59:13 INFO]: [PlaceholderAPI] Successfully registered external expansion: pinger [1.0.1]
[09:59:13 INFO]: [PlaceholderAPI] Successfully registered external expansion: player [2.0.9]
[09:59:13 INFO]: [PlaceholderAPI] Successfully registered external expansion: bungee [2.3]
[09:59:13 INFO]: [38;5;10m4 placeholder hook(s) registered![0m
[09:59:13 INFO]: Bonet (/127.0.0.1:41356) lost connection: Disconnected
[09:59:13 INFO]: Bonet (/127.0.0.1:41360) lost connection: Disconnected
[09:59:13 INFO]: Bonet (/127.0.0.1:55512) lost connection: Disconnected
[09:59:18 INFO]: UUID of player Bonet is 31fcfdd9-58e9-3d7c-893a-c80441ef34dc
[09:59:19 INFO]: [38;5;11mBonet joined the game[0m
[09:59:19 INFO]: Bonet[/127.163.169.215:55538] logged in with entity id 29 at ([world]4.6757477476428075, 98.5, 20.587679285327688)
[09:59:19 INFO]: Environment: Environment[sessionHost=https://sessionserver.mojang.com, servicesHost=https://api.minecraftservices.com, name=PROD]
[09:59:46 INFO]: Bonet lost connection: Disconnected
[09:59:46 INFO]: [38;5;11mBonet left the game[0m
