[квітня 06, 2025 15:56:58.578пп EEST]  EntityDamageByEntityEvent was triggered by damaged PLAYER Bonet, damager SPIDER Spider and cancelled false.
[квітня 06, 2025 15:56:58.622пп EEST]  PlayerPreTagEvent was triggered on Bonet by Spider with type MOB, reason ATTACKED, and cancelled true.
[квітня 06, 2025 15:56:59.555пп EEST]  EntityDamageByEntityEvent was triggered by damaged PLAYER Bonet, damager SPIDER Spider and cancelled false.
[квітня 06, 2025 15:56:59.558пп EEST]  PlayerPreTagEvent was triggered on Bonet by Spider with type MOB, reason ATTACKED, and cancelled true.
[квітня 06, 2025 15:57:00.552пп EEST]  EntityDamageByEntityEvent was triggered by damaged PLAYER Bonet, damager SPIDER Spider and cancelled false.
[квітня 06, 2025 15:57:00.554пп EEST]  PlayerPreTagEvent was triggered on Bonet by Spider with type MOB, reason ATTACKED, and cancelled true.
[квітня 06, 2025 15:57:01.942пп EEST]  EntityDamageByEntityEvent was triggered by damaged PLAYER Bonet, damager SPIDER Spider and cancelled false.
[квітня 06, 2025 15:57:01.943пп EEST]  PlayerPreTagEvent was triggered on Bonet by Spider with type MOB, reason ATTACKED, and cancelled true.
[квітня 06, 2025 15:57:04.544пп EEST]  EntityDamageByEntityEvent was triggered by damaged PLAYER Bonet, damager SPIDER Spider and cancelled false.
[квітня 06, 2025 15:57:04.545пп EEST]  PlayerPreTagEvent was triggered on Bonet by Spider with type MOB, reason ATTACKED, and cancelled true.
[квітня 06, 2025 15:57:05.743пп EEST]  EntityDamageByEntityEvent was triggered by damaged PLAYER Bonet, damager SPIDER Spider and cancelled false.
[квітня 06, 2025 15:57:05.744пп EEST]  PlayerPreTagEvent was triggered on Bonet by Spider with type MOB, reason ATTACKED, and cancelled true.
[квітня 06, 2025 15:57:06.746пп EEST]  EntityDamageByEntityEvent was triggered by damaged PLAYER Bonet, damager SPIDER Spider and cancelled false.
[квітня 06, 2025 15:57:06.747пп EEST]  PlayerPreTagEvent was triggered on Bonet by Spider with type MOB, reason ATTACKED, and cancelled true.
[квітня 06, 2025 15:57:07.746пп EEST]  EntityDamageByEntityEvent was triggered by damaged PLAYER Bonet, damager SPIDER Spider and cancelled false.
[квітня 06, 2025 15:57:07.748пп EEST]  PlayerPreTagEvent was triggered on Bonet by Spider with type MOB, reason ATTACKED, and cancelled true.
[квітня 06, 2025 15:57:08.846пп EEST]  EntityDamageByEntityEvent was triggered by damaged PLAYER Bonet, damager SPIDER Spider and cancelled false.
[квітня 06, 2025 15:57:08.847пп EEST]  PlayerPreTagEvent was triggered on Bonet by Spider with type MOB, reason ATTACKED, and cancelled true.
[квітня 06, 2025 15:57:09.841пп EEST]  EntityDamageByEntityEvent was triggered by damaged PLAYER Bonet, damager SPIDER Spider and cancelled false.
[квітня 06, 2025 15:57:09.842пп EEST]  PlayerPreTagEvent was triggered on Bonet by Spider with type MOB, reason ATTACKED, and cancelled true.
[квітня 06, 2025 16:53:19.804пп EEST]  PlayerPreTagEvent was triggered on Bonet by Невідомий with type DAMAGE, reason UNKNOWN, and cancelled true.
[квітня 06, 2025 16:53:25.645пп EEST]  EntityDamageByEntityEvent was triggered by damaged PLAYER Bonet, damager ZOMBIE Zombie and cancelled false.
[квітня 06, 2025 16:53:25.646пп EEST]  PlayerPreTagEvent was triggered on Bonet by Zombie with type MOB, reason ATTACKED, and cancelled true.
[квітня 06, 2025 16:53:26.201пп EEST]  EntityDamageByEntityEvent was triggered by damaged PLAYER Bonet, damager ZOMBIE Zombie and cancelled false.
[квітня 06, 2025 16:53:26.202пп EEST]  PlayerPreTagEvent was triggered on Bonet by Zombie with type MOB, reason ATTACKED, and cancelled true.
[квітня 06, 2025 16:53:27.202пп EEST]  EntityDamageByEntityEvent was triggered by damaged PLAYER Bonet, damager ZOMBIE Zombie and cancelled false.
[квітня 06, 2025 16:53:27.204пп EEST]  PlayerPreTagEvent was triggered on Bonet by Zombie with type MOB, reason ATTACKED, and cancelled true.
[квітня 06, 2025 16:53:28.198пп EEST]  EntityDamageByEntityEvent was triggered by damaged PLAYER Bonet, damager ZOMBIE Zombie and cancelled false.
[квітня 06, 2025 16:53:28.199пп EEST]  PlayerPreTagEvent was triggered on Bonet by Zombie with type MOB, reason ATTACKED, and cancelled true.
[квітня 06, 2025 16:55:11.938пп EEST]  PlayerPreTagEvent was triggered on Bonet by Невідомий with type DAMAGE, reason UNKNOWN, and cancelled true.
[квітня 06, 2025 18:08:48.785пп EEST]  PlayerPreTagEvent was triggered on Bonet by Невідомий with type DAMAGE, reason UNKNOWN, and cancelled true.
[квітня 06, 2025 18:33:45.929пп EEST]  PlayerPreTagEvent was triggered on Bonet by Невідомий with type DAMAGE, reason UNKNOWN, and cancelled true.
[квітня 06, 2025 18:38:33.862пп EEST]  PlayerPreTagEvent was triggered on Bonet by Невідомий with type DAMAGE, reason UNKNOWN, and cancelled true.
[квітня 06, 2025 18:39:06.245пп EEST]  PlayerPreTagEvent was triggered on Bonet by Невідомий with type DAMAGE, reason UNKNOWN, and cancelled true.
[квітня 06, 2025 18:39:07.096пп EEST]  PlayerPreTagEvent was triggered on Bonet by Невідомий with type DAMAGE, reason UNKNOWN, and cancelled true.
[квітня 06, 2025 18:39:11.606пп EEST]  EntityDamageByEntityEvent was triggered by damaged PLAYER Bonet, damager ZOMBIE Zombie and cancelled false.
[квітня 06, 2025 18:39:11.607пп EEST]  PlayerPreTagEvent was triggered on Bonet by Zombie with type MOB, reason ATTACKED, and cancelled true.
[квітня 06, 2025 18:46:57.694пп EEST]  PlayerPreTagEvent was triggered on Bonet by Невідомий with type DAMAGE, reason UNKNOWN, and cancelled true.
[квітня 06, 2025 18:47:04.143пп EEST]  EntityDamageByEntityEvent was triggered by damaged CHICKEN Chicken, damager GOAT Goat and cancelled false.
[квітня 06, 2025 18:50:19.846пп EEST]  PlayerPreTagEvent was triggered on Bonet by Невідомий with type DAMAGE, reason UNKNOWN, and cancelled true.
[квітня 06, 2025 18:53:55.636пп EEST]  PlayerPreTagEvent was triggered on Bonet by Невідомий with type DAMAGE, reason UNKNOWN, and cancelled true.
[квітня 06, 2025 18:54:00.134пп EEST]  PlayerPreTagEvent was triggered on Bonet by Невідомий with type DAMAGE, reason UNKNOWN, and cancelled true.
[квітня 06, 2025 18:54:06.643пп EEST]  EntityDamageByEntityEvent was triggered by damaged PLAYER Bonet, damager ZOMBIE Zombie and cancelled false.
[квітня 06, 2025 18:54:06.644пп EEST]  PlayerPreTagEvent was triggered on Bonet by Zombie with type MOB, reason ATTACKED, and cancelled true.
[квітня 06, 2025 18:54:07.590пп EEST]  EntityDamageByEntityEvent was triggered by damaged PLAYER Bonet, damager ZOMBIE Zombie and cancelled false.
[квітня 06, 2025 18:54:07.599пп EEST]  PlayerPreTagEvent was triggered on Bonet by Zombie with type MOB, reason ATTACKED, and cancelled true.
[квітня 06, 2025 18:54:07.836пп EEST]  EntityDamageByEntityEvent was triggered by damaged ZOMBIE Zombie, damager PLAYER Bonet and cancelled false.
[квітня 06, 2025 18:54:07.838пп EEST]  PlayerPreTagEvent was triggered on Bonet by Zombie with type MOB, reason ATTACKER, and cancelled true.
[квітня 06, 2025 20:14:13.697пп EEST]  EntityDamageByEntityEvent was triggered by damaged HORSE Horse, damager GOAT Goat and cancelled false.
[квітня 06, 2025 20:14:37.980пп EEST]  PlayerPreTagEvent was triggered on Bonet by Невідомий with type DAMAGE, reason UNKNOWN, and cancelled true.
[квітня 06, 2025 20:14:41.589пп EEST]  EntityDamageByEntityEvent was triggered by damaged CREEPER Creeper, damager GOAT Goat and cancelled false.
[квітня 06, 2025 20:14:48.275пп EEST]  PlayerPreTagEvent was triggered on Bonet by Невідомий with type DAMAGE, reason UNKNOWN, and cancelled true.
[квітня 06, 2025 20:18:14.617пп EEST]  PlayerPreTagEvent was triggered on Bonet by Невідомий with type DAMAGE, reason UNKNOWN, and cancelled true.
[квітня 06, 2025 20:18:16.326пп EEST]  EntityDamageByEntityEvent was triggered by damaged PLAYER Bonet, damager ARROW Arrow and cancelled false.
[квітня 06, 2025 20:18:16.331пп EEST]  PlayerPreTagEvent was triggered on Bonet by Skeleton with type MOB, reason ATTACKED, and cancelled true.
[квітня 06, 2025 20:18:19.196пп EEST]  EntityDamageByEntityEvent was triggered by damaged PLAYER Bonet, damager ARROW Arrow and cancelled false.
[квітня 06, 2025 20:18:19.196пп EEST]  PlayerPreTagEvent was triggered on Bonet by Skeleton with type MOB, reason ATTACKED, and cancelled true.
[квітня 06, 2025 20:20:31.019пп EEST]  PlayerPreTagEvent was triggered on Bonet by Невідомий with type DAMAGE, reason UNKNOWN, and cancelled true.
[квітня 06, 2025 20:20:31.988пп EEST]  EntityDamageByEntityEvent was triggered by damaged PLAYER Bonet, damager ZOMBIE Zombie and cancelled false.
[квітня 06, 2025 20:20:31.989пп EEST]  PlayerPreTagEvent was triggered on Bonet by Zombie with type MOB, reason ATTACKED, and cancelled true.
[квітня 06, 2025 20:20:32.593пп EEST]  EntityDamageByEntityEvent was triggered by damaged PLAYER Bonet, damager ZOMBIE Zombie and cancelled false.
[квітня 06, 2025 20:20:32.596пп EEST]  PlayerPreTagEvent was triggered on Bonet by Zombie with type MOB, reason ATTACKED, and cancelled true.
[квітня 06, 2025 20:22:35.118пп EEST]  PlayerPreTagEvent was triggered on Bonet by Невідомий with type DAMAGE, reason UNKNOWN, and cancelled true.
[квітня 06, 2025 20:24:49.269пп EEST]  PlayerPreTagEvent was triggered on Bonet by Невідомий with type DAMAGE, reason UNKNOWN, and cancelled true.
[квітня 06, 2025 20:24:55.219пп EEST]  PlayerPreTagEvent was triggered on Bonet by Невідомий with type DAMAGE, reason UNKNOWN, and cancelled true.
[квітня 06, 2025 20:25:37.816пп EEST]  PlayerPreTagEvent was triggered on Bonet by Невідомий with type DAMAGE, reason UNKNOWN, and cancelled true.
[квітня 06, 2025 20:26:40.571пп EEST]  PlayerPreTagEvent was triggered on Bonet by Невідомий with type DAMAGE, reason UNKNOWN, and cancelled true.
[квітня 06, 2025 20:27:33.819пп EEST]  PlayerPreTagEvent was triggered on Bonet by Невідомий with type DAMAGE, reason UNKNOWN, and cancelled true.
[квітня 06, 2025 20:28:13.967пп EEST]  PlayerPreTagEvent was triggered on Bonet by Невідомий with type DAMAGE, reason UNKNOWN, and cancelled true.
[квітня 06, 2025 20:29:18.687пп EEST]  PlayerPreTagEvent was triggered on Bonet by Невідомий with type DAMAGE, reason UNKNOWN, and cancelled true.
[квітня 06, 2025 20:29:46.774пп EEST]  PlayerPreTagEvent was triggered on Bonet by Невідомий with type DAMAGE, reason UNKNOWN, and cancelled true.
[квітня 06, 2025 20:29:57.353пп EEST]  EntityDamageByEntityEvent was triggered by damaged SHEEP Sheep, damager WOLF Wolf and cancelled false.
[квітня 06, 2025 20:29:57.396пп EEST]  EntityDamageByEntityEvent was triggered by damaged SHEEP Sheep, damager WOLF Wolf and cancelled false.
[квітня 06, 2025 20:29:58.371пп EEST]  EntityDamageByEntityEvent was triggered by damaged SHEEP Sheep, damager WOLF Wolf and cancelled false.
[квітня 06, 2025 20:29:58.422пп EEST]  EntityDamageByEntityEvent was triggered by damaged SHEEP Sheep, damager WOLF Wolf and cancelled false.
[квітня 06, 2025 20:29:58.572пп EEST]  PlayerPreTagEvent was triggered on Bonet by Невідомий with type DAMAGE, reason UNKNOWN, and cancelled true.
[квітня 06, 2025 20:34:15.002пп EEST]  EntityDamageByEntityEvent was triggered by damaged SKELETON Skeleton, damager WOLF Wolf and cancelled false.
[квітня 06, 2025 20:34:16.286пп EEST]  EntityDamageByEntityEvent was triggered by damaged SKELETON Skeleton, damager WOLF Wolf and cancelled false.
[квітня 06, 2025 20:34:17.304пп EEST]  EntityDamageByEntityEvent was triggered by damaged SKELETON Skeleton, damager WOLF Wolf and cancelled false.
[квітня 06, 2025 20:34:18.293пп EEST]  EntityDamageByEntityEvent was triggered by damaged SKELETON Skeleton, damager WOLF Wolf and cancelled false.
[квітня 06, 2025 20:34:19.201пп EEST]  EntityDamageByEntityEvent was triggered by damaged SKELETON Skeleton, damager WOLF Wolf and cancelled false.
[квітня 06, 2025 20:35:09.726пп EEST]  PlayerPreTagEvent was triggered on Bonet by Невідомий with type DAMAGE, reason UNKNOWN, and cancelled true.
[квітня 06, 2025 20:36:28.094пп EEST]  EntityDamageByEntityEvent was triggered by damaged SHEEP Sheep, damager WOLF Wolf and cancelled false.
[квітня 06, 2025 20:36:29.353пп EEST]  EntityDamageByEntityEvent was triggered by damaged SHEEP Sheep, damager WOLF Wolf and cancelled false.
[квітня 06, 2025 20:36:36.966пп EEST]  PlayerPreTagEvent was triggered on Bonet by Невідомий with type DAMAGE, reason UNKNOWN, and cancelled true.
[квітня 06, 2025 20:37:37.117пп EEST]  PlayerPreTagEvent was triggered on Bonet by Невідомий with type DAMAGE, reason UNKNOWN, and cancelled true.
[квітня 06, 2025 20:39:52.318пп EEST]  PlayerPreTagEvent was triggered on Bonet by Невідомий with type DAMAGE, reason UNKNOWN, and cancelled true.
[квітня 06, 2025 20:42:12.667пп EEST]  PlayerPreTagEvent was triggered on Bonet by Невідомий with type DAMAGE, reason UNKNOWN, and cancelled true.
[квітня 06, 2025 20:42:44.634пп EEST]  EntityDamageByEntityEvent was triggered by damaged PLAYER Bonet, damager CREEPER Creeper and cancelled false.
[квітня 06, 2025 20:42:44.636пп EEST]  PlayerPreTagEvent was triggered on Bonet by Creeper with type MOB, reason ATTACKED, and cancelled true.
[квітня 06, 2025 20:45:42.317пп EEST]  PlayerPreTagEvent was triggered on Bonet by Невідомий with type DAMAGE, reason UNKNOWN, and cancelled true.
[квітня 06, 2025 20:46:36.865пп EEST]  PlayerPreTagEvent was triggered on Bonet by Невідомий with type DAMAGE, reason UNKNOWN, and cancelled true.
[квітня 06, 2025 20:46:43.171пп EEST]  PlayerPreTagEvent was triggered on Bonet by Невідомий with type DAMAGE, reason UNKNOWN, and cancelled true.
[квітня 06, 2025 20:46:52.316пп EEST]  PlayerPreTagEvent was triggered on Bonet by Невідомий with type DAMAGE, reason UNKNOWN, and cancelled true.
[квітня 06, 2025 20:57:04.219пп EEST]  PlayerPreTagEvent was triggered on Bonet by Невідомий with type DAMAGE, reason UNKNOWN, and cancelled true.
[квітня 06, 2025 21:05:01.286пп EEST]  PlayerPreTagEvent was triggered on Bonet by Невідомий with type DAMAGE, reason UNKNOWN, and cancelled true.
[квітня 06, 2025 21:05:04.858пп EEST]  EntityDamageByEntityEvent was triggered by damaged PLAYER Bonet, damager CREEPER Creeper and cancelled false.
[квітня 06, 2025 21:05:04.861пп EEST]  PlayerPreTagEvent was triggered on Bonet by Creeper with type MOB, reason ATTACKED, and cancelled true.
[квітня 06, 2025 21:05:13.766пп EEST]  PlayerPreTagEvent was triggered on Bonet by Невідомий with type DAMAGE, reason UNKNOWN, and cancelled true.
[квітня 06, 2025 21:05:51.124пп EEST]  PlayerPreTagEvent was triggered on Bonet by Невідомий with type DAMAGE, reason UNKNOWN, and cancelled true.
