[лютого 11, 2026 10:59:00.254дп EET]  PlayerPreTagEvent was triggered on Bonet by Неизвестный with type DAMAGE, reason UNKNOWN, and cancelled false.
[лютого 11, 2026 10:59:00.345дп EET]  PlayerTagEvent was triggered on Bonet by Неизвестный with type DAMAGE and reason UNKNOWN.
[лютого 11, 2026 10:59:00.492дп EET]  PlayerPreTagEvent was triggered on Bonet by Неизвестный with type DAMAGE, reason UNKNOWN, and cancelled false.
[лютого 11, 2026 10:59:00.494дп EET]  PlayerReTagEvent was triggered on Bonet by Неизвестный with type DAMAGE and reason UNKNOWN.
[лютого 11, 2026 10:59:00.840дп EET]  PlayerPreTagEvent was triggered on Bonet by Неизвестный with type DAMAGE, reason UNKNOWN, and cancelled false.
[лютого 11, 2026 10:59:00.842дп EET]  PlayerReTagEvent was triggered on Bonet by Неизвестный with type DAMAGE and reason UNKNOWN.
[лютого 11, 2026 10:59:01.140дп EET]  PlayerPreTagEvent was triggered on Bonet by Неизвестный with type DAMAGE, reason UNKNOWN, and cancelled false.
[лютого 11, 2026 10:59:01.141дп EET]  PlayerReTagEvent was triggered on Bonet by Неизвестный with type DAMAGE and reason UNKNOWN.
[лютого 11, 2026 10:59:01.647дп EET]  PlayerPreTagEvent was triggered on Bonet by Неизвестный with type DAMAGE, reason UNKNOWN, and cancelled false.
[лютого 11, 2026 10:59:01.650дп EET]  PlayerReTagEvent was triggered on Bonet by Неизвестный with type DAMAGE and reason UNKNOWN.
[лютого 11, 2026 10:59:02.151дп EET]  PlayerPreTagEvent was triggered on Bonet by Неизвестный with type DAMAGE, reason UNKNOWN, and cancelled false.
[лютого 11, 2026 10:59:02.152дп EET]  PlayerReTagEvent was triggered on Bonet by Неизвестный with type DAMAGE and reason UNKNOWN.
[лютого 11, 2026 10:59:02.647дп EET]  PlayerPreTagEvent was triggered on Bonet by Неизвестный with type DAMAGE, reason UNKNOWN, and cancelled false.
[лютого 11, 2026 10:59:02.649дп EET]  PlayerReTagEvent was triggered on Bonet by Неизвестный with type DAMAGE and reason UNKNOWN.
[лютого 11, 2026 10:59:03.152дп EET]  PlayerPreTagEvent was triggered on Bonet by Неизвестный with type DAMAGE, reason UNKNOWN, and cancelled false.
[лютого 11, 2026 10:59:03.154дп EET]  PlayerReTagEvent was triggered on Bonet by Неизвестный with type DAMAGE and reason UNKNOWN.
[лютого 11, 2026 10:59:03.648дп EET]  PlayerPreTagEvent was triggered on Bonet by Неизвестный with type DAMAGE, reason UNKNOWN, and cancelled false.
[лютого 11, 2026 10:59:03.649дп EET]  PlayerReTagEvent was triggered on Bonet by Неизвестный with type DAMAGE and reason UNKNOWN.
[лютого 11, 2026 10:59:04.144дп EET]  PlayerPreTagEvent was triggered on Bonet by Неизвестный with type DAMAGE, reason UNKNOWN, and cancelled false.
[лютого 11, 2026 10:59:04.146дп EET]  PlayerReTagEvent was triggered on Bonet by Неизвестный with type DAMAGE and reason UNKNOWN.
[лютого 11, 2026 10:59:04.641дп EET]  PlayerPreTagEvent was triggered on Bonet by Неизвестный with type DAMAGE, reason UNKNOWN, and cancelled false.
[лютого 11, 2026 10:59:04.642дп EET]  PlayerReTagEvent was triggered on Bonet by Неизвестный with type DAMAGE and reason UNKNOWN.
[лютого 11, 2026 10:59:05.143дп EET]  PlayerPreTagEvent was triggered on Bonet by Неизвестный with type DAMAGE, reason UNKNOWN, and cancelled false.
[лютого 11, 2026 10:59:05.144дп EET]  PlayerReTagEvent was triggered on Bonet by Неизвестный with type DAMAGE and reason UNKNOWN.
[лютого 11, 2026 10:59:05.651дп EET]  PlayerPreTagEvent was triggered on Bonet by Неизвестный with type DAMAGE, reason UNKNOWN, and cancelled false.
[лютого 11, 2026 10:59:05.652дп EET]  PlayerReTagEvent was triggered on Bonet by Неизвестный with type DAMAGE and reason UNKNOWN.
[лютого 11, 2026 10:59:06.148дп EET]  PlayerPreTagEvent was triggered on Bonet by Неизвестный with type DAMAGE, reason UNKNOWN, and cancelled false.
[лютого 11, 2026 10:59:06.149дп EET]  PlayerReTagEvent was triggered on Bonet by Неизвестный with type DAMAGE and reason UNKNOWN.
[лютого 11, 2026 10:59:06.652дп EET]  PlayerPreTagEvent was triggered on Bonet by Неизвестный with type DAMAGE, reason UNKNOWN, and cancelled false.
[лютого 11, 2026 10:59:06.654дп EET]  PlayerReTagEvent was triggered on Bonet by Неизвестный with type DAMAGE and reason UNKNOWN.
[лютого 11, 2026 10:59:07.150дп EET]  PlayerPreTagEvent was triggered on Bonet by Неизвестный with type DAMAGE, reason UNKNOWN, and cancelled false.
[лютого 11, 2026 10:59:07.151дп EET]  PlayerReTagEvent was triggered on Bonet by Неизвестный with type DAMAGE and reason UNKNOWN.
[лютого 11, 2026 10:59:07.651дп EET]  PlayerPreTagEvent was triggered on Bonet by Неизвестный with type DAMAGE, reason UNKNOWN, and cancelled false.
[лютого 11, 2026 10:59:07.652дп EET]  PlayerReTagEvent was triggered on Bonet by Неизвестный with type DAMAGE and reason UNKNOWN.
[лютого 11, 2026 10:59:08.138дп EET]  PlayerPreTagEvent was triggered on Bonet by Неизвестный with type DAMAGE, reason UNKNOWN, and cancelled false.
[лютого 11, 2026 10:59:08.139дп EET]  PlayerReTagEvent was triggered on Bonet by Неизвестный with type DAMAGE and reason UNKNOWN.
[лютого 11, 2026 10:59:08.640дп EET]  PlayerPreTagEvent was triggered on Bonet by Неизвестный with type DAMAGE, reason UNKNOWN, and cancelled false.
[лютого 11, 2026 10:59:08.641дп EET]  PlayerReTagEvent was triggered on Bonet by Неизвестный with type DAMAGE and reason UNKNOWN.
[лютого 11, 2026 10:59:09.141дп EET]  PlayerPreTagEvent was triggered on Bonet by Неизвестный with type DAMAGE, reason UNKNOWN, and cancelled false.
[лютого 11, 2026 10:59:09.142дп EET]  PlayerReTagEvent was triggered on Bonet by Неизвестный with type DAMAGE and reason UNKNOWN.
[лютого 11, 2026 10:59:09.639дп EET]  PlayerPreTagEvent was triggered on Bonet by Неизвестный with type DAMAGE, reason UNKNOWN, and cancelled false.
[лютого 11, 2026 10:59:09.640дп EET]  PlayerReTagEvent was triggered on Bonet by Неизвестный with type DAMAGE and reason UNKNOWN.
[лютого 11, 2026 10:59:10.143дп EET]  PlayerPreTagEvent was triggered on Bonet by Неизвестный with type DAMAGE, reason UNKNOWN, and cancelled false.
[лютого 11, 2026 10:59:10.144дп EET]  PlayerReTagEvent was triggered on Bonet by Неизвестный with type DAMAGE and reason UNKNOWN.
[лютого 11, 2026 10:59:10.647дп EET]  PlayerPreTagEvent was triggered on Bonet by Неизвестный with type DAMAGE, reason UNKNOWN, and cancelled false.
[лютого 11, 2026 10:59:10.649дп EET]  PlayerReTagEvent was triggered on Bonet by Неизвестный with type DAMAGE and reason UNKNOWN.
[лютого 11, 2026 10:59:11.148дп EET]  PlayerPreTagEvent was triggered on Bonet by Неизвестный with type DAMAGE, reason UNKNOWN, and cancelled false.
[лютого 11, 2026 10:59:11.149дп EET]  PlayerReTagEvent was triggered on Bonet by Неизвестный with type DAMAGE and reason UNKNOWN.
[лютого 11, 2026 10:59:11.652дп EET]  PlayerPreTagEvent was triggered on Bonet by Неизвестный with type DAMAGE, reason UNKNOWN, and cancelled false.
[лютого 11, 2026 10:59:11.653дп EET]  PlayerReTagEvent was triggered on Bonet by Неизвестный with type DAMAGE and reason UNKNOWN.
[лютого 11, 2026 10:59:12.138дп EET]  PlayerPreTagEvent was triggered on Bonet by Неизвестный with type DAMAGE, reason UNKNOWN, and cancelled false.
[лютого 11, 2026 10:59:12.138дп EET]  PlayerReTagEvent was triggered on Bonet by Неизвестный with type DAMAGE and reason UNKNOWN.
[лютого 11, 2026 10:59:12.640дп EET]  PlayerPreTagEvent was triggered on Bonet by Неизвестный with type DAMAGE, reason UNKNOWN, and cancelled false.
[лютого 11, 2026 10:59:12.640дп EET]  PlayerReTagEvent was triggered on Bonet by Неизвестный with type DAMAGE and reason UNKNOWN.
[лютого 11, 2026 10:59:13.139дп EET]  PlayerPreTagEvent was triggered on Bonet by Неизвестный with type DAMAGE, reason UNKNOWN, and cancelled false.
[лютого 11, 2026 10:59:13.140дп EET]  PlayerReTagEvent was triggered on Bonet by Неизвестный with type DAMAGE and reason UNKNOWN.
[лютого 11, 2026 10:59:13.651дп EET]  PlayerPreTagEvent was triggered on Bonet by Неизвестный with type DAMAGE, reason UNKNOWN, and cancelled false.
[лютого 11, 2026 10:59:13.652дп EET]  PlayerReTagEvent was triggered on Bonet by Неизвестный with type DAMAGE and reason UNKNOWN.
[лютого 11, 2026 10:59:14.137дп EET]  PlayerPreTagEvent was triggered on Bonet by Неизвестный with type DAMAGE, reason UNKNOWN, and cancelled false.
[лютого 11, 2026 10:59:14.138дп EET]  PlayerReTagEvent was triggered on Bonet by Неизвестный with type DAMAGE and reason UNKNOWN.
[лютого 11, 2026 10:59:14.637дп EET]  PlayerPreTagEvent was triggered on Bonet by Неизвестный with type DAMAGE, reason UNKNOWN, and cancelled false.
[лютого 11, 2026 10:59:14.638дп EET]  PlayerReTagEvent was triggered on Bonet by Неизвестный with type DAMAGE and reason UNKNOWN.
[лютого 11, 2026 10:59:15.139дп EET]  PlayerPreTagEvent was triggered on Bonet by Неизвестный with type DAMAGE, reason UNKNOWN, and cancelled false.
[лютого 11, 2026 10:59:15.140дп EET]  PlayerReTagEvent was triggered on Bonet by Неизвестный with type DAMAGE and reason UNKNOWN.
[лютого 11, 2026 10:59:15.641дп EET]  PlayerPreTagEvent was triggered on Bonet by Неизвестный with type DAMAGE, reason UNKNOWN, and cancelled false.
[лютого 11, 2026 10:59:15.642дп EET]  PlayerReTagEvent was triggered on Bonet by Неизвестный with type DAMAGE and reason UNKNOWN.
[лютого 11, 2026 10:59:16.143дп EET]  PlayerPreTagEvent was triggered on Bonet by Неизвестный with type DAMAGE, reason UNKNOWN, and cancelled false.
[лютого 11, 2026 10:59:16.144дп EET]  PlayerReTagEvent was triggered on Bonet by Неизвестный with type DAMAGE and reason UNKNOWN.
[лютого 11, 2026 10:59:16.641дп EET]  PlayerPreTagEvent was triggered on Bonet by Неизвестный with type DAMAGE, reason UNKNOWN, and cancelled false.
[лютого 11, 2026 10:59:16.642дп EET]  PlayerReTagEvent was triggered on Bonet by Неизвестный with type DAMAGE and reason UNKNOWN.
[лютого 11, 2026 10:59:16.718дп EET]  PlayerPunishEvent was triggered on Bonet with reason SELF_DEATH and cancelled true.
[лютого 11, 2026 10:59:16.721дп EET]  PlayerUntagEvent was triggered on Bonet with reason SELF_DEATH and expire set to true.
